Arguments: 
  C:\Users\hanse\AppData\Local\hyper\app-3.0.2\Hyper.exe C:\Users\hanse\AppData\Local\hyper\app-3.0.2\resources\bin\yarn-standalone.js install --no-emoji --no-lockfile --cache-folder C:\Users\hanse\AppData\Roaming\Hyper\.hyper_plugins\cache

PATH: 
  C:\Program Files (x86)\Common Files\Oracle\Java\javapath;C:\Program Files (x86)\Common Files\Intel\Shared Libraries\redist\intel64\compiler;C:\Program Files (x86)\Razer Chroma SDK\bin;C:\Program Files\Razer Chroma SDK\bin;C:\Program Files (x86)\Razer\ChromaBroadcast\bin;C:\Program Files\Razer\ChromaBroadcast\bin;C:\Windows\system32;C:\Windows;C:\Windows\System32\Wbem;C:\Windows\System32\WindowsPowerShell\v1.0\;C:\Windows\System32\OpenSSH\;C:\ProgramData\chocolatey\bin;C:\Program Files\Microsoft VS Code\bin;C:\Program Files\NVIDIA Corporation\NVIDIA NvDLISR;C:\Program Files (x86)\NVIDIA Corporation\PhysX\Common;C:\Users\hanse\scoop\shims;C:\Users\hanse\AppData\Local\Microsoft\WindowsApps;C:\Users\hanse\AppData\Local\hyper\app-3.0.2\resources\bin;C:\Users\hanse\AppData\Roaming\npm;C:\WINDOWS\system32;C:\WINDOWS;C:\WINDOWS\System32\Wbem;C:\WINDOWS\System32\WindowsPowerShell\v1.0\;C:\WINDOWS\System32\OpenSSH\;C:\WINDOWS\system32\config\systemprofile\AppData\Local\Microsoft\WindowsApps;C:\Program Files\dotnet\;C:\Program Files\Microsoft SQL Server\130\Tools\Binn\;C:\Program Files\Microsoft SQL Server\Client SDK\ODBC\170\Tools\Binn\;C:\Program Files\Git\cmd;C:\Program Files (x86)\Yarn\bin\;C:\Program Files\nodejs\;C:\HashiCorp\Vagrant\bin;;C:\Program Files (x86)\GNU\GnuPG\pub;C:\Program Files\Azure Data Studio\bin;C:\Program Files\Docker\Docker\resources\bin;C:\ProgramData\DockerDesktop\version-bin;C:\Users\hanse\AppData\Local\Yarn\bin;C:\Program Files\Oracle\VirtualBox;C:\Users\hanse\AppData\Local\Keybase\;C:\Program Files (x86)\FAHClient;H:\FAHClient

Yarn version: 
  1.3.2

Node version: 
  10.2.0

Platform: 
  win32 x64

npm manifest: 
  {
    "name": "hyper-plugins",
    "description": "Auto-generated from `~/.hyper.js`!",
    "private": true,
    "version": "0.0.1",
    "repository": "zeit/hyper",
    "license": "MIT",
    "homepage": "https://hyper.is",
    "dependencies": {
      "hyper-snazzy": "latest",
      "hyper-ligatures": "latest",
      "hyperpower2": "latest",
      "hyper-sync-settings": "latest",
      "hyper-systray": "latest",
      "@darkmastermindz/hyper-drop-file": "latest"
    }
  }

yarn manifest: 
  No manifest

Lockfile: 
  No lockfile

Trace: 
  Error: https://registry.yarnpkg.com/@darkmastermindz%2fhyper-drop-file: Not found
      at Request.params.callback [as _callback] (C:\Users\hanse\AppData\Local\hyper\app-3.0.2\resources\bin\yarn-standalone.js:65368:18)
      at Request.self.callback (C:\Users\hanse\AppData\Local\hyper\app-3.0.2\resources\bin\yarn-standalone.js:121753:22)
      at Request.emit (events.js:182:13)
      at Request.<anonymous> (C:\Users\hanse\AppData\Local\hyper\app-3.0.2\resources\bin\yarn-standalone.js:122736:10)
      at Request.emit (events.js:182:13)
      at IncomingMessage.<anonymous> (C:\Users\hanse\AppData\Local\hyper\app-3.0.2\resources\bin\yarn-standalone.js:122656:12)
      at Object.onceWrapper (events.js:273:13)
      at IncomingMessage.emit (events.js:187:15)
      at endReadableNT (_stream_readable.js:1090:12)
      at process._tickCallback (internal/process/next_tick.js:63:19)
